-----------------------------------------------
Total Money: 34247603.86713372
Total Real Money: 34609922.894220755
Total Revenue 1.0579397860728534
-----------------------------------------------
CoinMaxMoney :  6849520.773426744
FirstEnterMoney :  684952.0773426745
WaterEnterMoeny :  342476.03867133724
--------------GetTopCoinList Start-------------------
-------------------------- KRW-BTC
KRW-BTC 1127923067438.4102
-------------------------- KRW-ETH
KRW-ETH 304403974577.16626
-------------------------- KRW-NEO
KRW-NEO 111346320299.88818
-------------------------- KRW-MTL
KRW-MTL 24865281606.861423
-------------------------- KRW-XRP
KRW-XRP 912761098730.627
-------------------------- KRW-ETC
KRW-ETC 712679129268.161
-------------------------- KRW-SNT
KRW-SNT 7251359275.3148575
-------------------------- KRW-WAVES
KRW-WAVES 27386236960.27794
-------------------------- KRW-XEM
KRW-XEM 61577918619.79596
-------------------------- KRW-QTUM
KRW-QTUM 12388831494.424026
-------------------------- KRW-LSK
KRW-LSK 402929533579.0044
-------------------------- KRW-STEEM
KRW-STEEM 6600897564.059192
-------------------------- KRW-XLM
KRW-XLM 24280886184.64148
-------------------------- KRW-ARDR
KRW-ARDR 3762965254.744548
-------------------------- KRW-ARK
KRW-ARK 232112967927.189
-------------------------- KRW-STORJ
KRW-STORJ 338046645650.66205
-------------------------- KRW-GRS
KRW-GRS 5053095979.685508
-------------------------- KRW-ADA
KRW-ADA 112609175596.68553
-------------------------- KRW-SBD
KRW-SBD 31537112220.004242
-------------------------- KRW-POWR
KRW-POWR 35874145057.34726
-------------------------- KRW-BTG
KRW-BTG 70290855537.64629
-------------------------- KRW-ICX
KRW-ICX 25189047814.417103
-------------------------- KRW-EOS
KRW-EOS 25235358545.05483
-------------------------- KRW-TRX
KRW-TRX 64392822681.44281
-------------------------- KRW-SC
KRW-SC 119549721738.07365
-------------------------- KRW-ONT
KRW-ONT 10333826402.725552
-------------------------- KRW-ZIL
KRW-ZIL 8832397400.55629
-------------------------- KRW-POLYX
KRW-POLYX 13950398099.017818
-------------------------- KRW-ZRX
KRW-ZRX 67303739039.0429
-------------------------- KRW-LOOM
KRW-LOOM 14938956453.51993
-------------------------- KRW-BCH
KRW-BCH 44803724134.15349
-------------------------- KRW-BAT
KRW-BAT 9758003548.931995
-------------------------- KRW-IOST
KRW-IOST 5203960818.616779
-------------------------- KRW-CVC
KRW-CVC 3876760933.369023
-------------------------- KRW-IQ
KRW-IQ 7842533730.266309
-------------------------- KRW-IOTA
KRW-IOTA 99488803057.5311
-------------------------- KRW-HIFI
KRW-HIFI 13202577696.892431
-------------------------- KRW-ONG
KRW-ONG 7644396267.029271
-------------------------- KRW-GAS
KRW-GAS 201047358470.72852
-------------------------- KRW-UPP
KRW-UPP 3348062793.5807633
-------------------------- KRW-ELF
KRW-ELF 17633672647.64781
-------------------------- KRW-KNC
KRW-KNC 11833620282.949883
-------------------------- KRW-BSV
KRW-BSV 146317218936.38617
-------------------------- KRW-THETA
KRW-THETA 15085478748.52173
-------------------------- KRW-QKC
KRW-QKC 4150151751.4372406
-------------------------- KRW-BTT
KRW-BTT 22394560781.105476
-------------------------- KRW-MOC
KRW-MOC 4011516712.202409
-------------------------- KRW-TFUEL
KRW-TFUEL 9824658332.036806
-------------------------- KRW-MANA
KRW-MANA 18090867566.96833
-------------------------- KRW-ANKR
KRW-ANKR 13332795750.464613
-------------------------- KRW-AERGO
KRW-AERGO 5152418950.065113
-------------------------- KRW-ATOM
KRW-ATOM 20561450033.75512
-------------------------- KRW-TT
KRW-TT 5071668868.5870905
-------------------------- KRW-CRE
KRW-CRE 20222416590.14268
-------------------------- KRW-MBL
KRW-MBL 8179462691.290201
-------------------------- KRW-WAXP
KRW-WAXP 11712952810.318628
-------------------------- KRW-HBAR
KRW-HBAR 24632733041.980553
-------------------------- KRW-MED
KRW-MED 7282002970.438686
-------------------------- KRW-MLK
KRW-MLK 19273081768.20427
-------------------------- KRW-STPT
KRW-STPT 16177027225.580105
-------------------------- KRW-ORBS
KRW-ORBS 12423553838.70843
-------------------------- KRW-VET
KRW-VET 18762968694.536034
-------------------------- KRW-CHZ
KRW-CHZ 90544352400.2747
-------------------------- KRW-STMX
KRW-STMX 13394241361.67147
-------------------------- KRW-DKA
KRW-DKA 7953544253.970515
-------------------------- KRW-HIVE
KRW-HIVE 5944290815.981855
-------------------------- KRW-KAVA
KRW-KAVA 25391936735.761803
-------------------------- KRW-AHT
KRW-AHT 105566222937.43839
-------------------------- KRW-LINK
KRW-LINK 412848824430.3311
-------------------------- KRW-XTZ
KRW-XTZ 31627039927.34893
-------------------------- KRW-BORA
KRW-BORA 123273291578.99702
-------------------------- KRW-JST
KRW-JST 4224359815.269609
-------------------------- KRW-CRO
KRW-CRO 3583338689.2815833
-------------------------- KRW-TON
KRW-TON 31371786230.85332
-------------------------- KRW-SXP
KRW-SXP 19613102206.78804
-------------------------- KRW-HUNT
KRW-HUNT 4968943213.526035
-------------------------- KRW-PLA
KRW-PLA 12053953700.859777
-------------------------- KRW-DOT
KRW-DOT 47601331121.63419
-------------------------- KRW-MVL
KRW-MVL 7744560174.5217705
-------------------------- KRW-STRAX
KRW-STRAX 53688656694.89163
-------------------------- KRW-AQT
KRW-AQT 6987052696.047809
-------------------------- KRW-GLM
KRW-GLM 4618507076.310373
-------------------------- KRW-SSX
KRW-SSX 237207549632.75067
-------------------------- KRW-META
KRW-META 12163198756.38799
-------------------------- KRW-FCT2
KRW-FCT2 3892570852.8062716
-------------------------- KRW-CBK
KRW-CBK 3794835649.88651
-------------------------- KRW-SAND
KRW-SAND 58037681005.17108
-------------------------- KRW-HPO
KRW-HPO 3686475822.9665956
-------------------------- KRW-DOGE
KRW-DOGE 133609647351.48717
-------------------------- KRW-STRK
KRW-STRK 8618968481.958754
-------------------------- KRW-PUNDIX
KRW-PUNDIX 5372929150.253354
-------------------------- KRW-FLOW
KRW-FLOW 46158695444.2379
-------------------------- KRW-AXS
KRW-AXS 63847637321.70473
-------------------------- KRW-STX
KRW-STX 158951288563.41473
-------------------------- KRW-XEC
KRW-XEC 17964569412.49713
-------------------------- KRW-SOL
KRW-SOL 715744586191.1305
-------------------------- KRW-MATIC
KRW-MATIC 83545901112.22592
-------------------------- KRW-AAVE
KRW-AAVE 53021643524.13034
-------------------------- KRW-1INCH
KRW-1INCH 58717314975.94085
-------------------------- KRW-ALGO
KRW-ALGO 45000913505.55318
-------------------------- KRW-NEAR
KRW-NEAR 76170572791.92433
-------------------------- KRW-AVAX
KRW-AVAX 193322295814.89185
-------------------------- KRW-T
KRW-T 42701887928.144356
-------------------------- KRW-CELO
KRW-CELO 44890884810.6689
-------------------------- KRW-GMT
KRW-GMT 43072561173.32364
-------------------------- KRW-APT
KRW-APT 108306040716.50417
-------------------------- KRW-SHIB
KRW-SHIB 31739367610.6862
-------------------------- KRW-MASK
KRW-MASK 41282839461.925095
-------------------------- KRW-ARB
KRW-ARB 187421749268.18344
-------------------------- KRW-EGLD
KRW-EGLD 72710406429.91469
-------------------------- KRW-SUI
KRW-SUI 990624923848.0798
-------------------------- KRW-GRT
KRW-GRT 24096320130.98223
-------------------------- KRW-BLUR
KRW-BLUR 272433904722.35
-------------------------- KRW-IMX
KRW-IMX 93276846710.54073
-------------------------- KRW-SEI
KRW-SEI 735995719070.8151
-------------------------- KRW-MINA
KRW-MINA 355968361476.2522
-------------------------- KRW-CTC
KRW-CTC 69155311506.35535
-------------------------- KRW-ASTR
KRW-ASTR 362897108927.20013
--------------GetTopCoinList End-------------------
Coin Ticker:  KRW-BTC
Coin Ticker:  KRW-ETH
!!!!! Target Coin!!! : KRW-ETH
------------------------------------
Coin ticker : KRW-ETH
- Recently RSI : 44.95932103067223  ->  48.75093059661762
ma20 : 3156900.0
ma5 : 3160800.0  <-  3159600.0  <-  3158600.0
-rsi1_min: 64.18001207633455
Coin Ticker:  KRW-NEO
!!!!! Target Coin!!! : KRW-NEO
------------------------------------
Coin ticker : KRW-NEO
- Recently RSI : 36.038047635730265  ->  37.109651977957725
ma20 : 14918.0
ma5 : 14936.0  <-  14920.0  <-  14910.0
-rsi1_min: 79.92590349519615
Coin Ticker:  KRW-MTL
Coin Ticker:  KRW-XRP
!!!!! Target Coin!!! : KRW-XRP
# Remain Won : 694274.59832588
------------------------------------
Coin ticker : KRW-XRP
- Recently RSI : 34.96384628574832  ->  39.17977211299878
- Now Revenue :  -0.829163688348814
Coin Ticker:  KRW-ETC
!!!!! Target Coin!!! : KRW-ETC
------------------------------------
Coin ticker : KRW-ETC
- Recently RSI : 39.960398421586035  ->  41.16052358634339
ma20 : 33968.0
ma5 : 33960.0  <-  33928.0  <-  33926.0
-rsi1_min: 64.00245090020604
Coin Ticker:  KRW-SNT
Coin Ticker:  KRW-WAVES
Coin Ticker:  KRW-XEM
Coin Ticker:  KRW-QTUM
Coin Ticker:  KRW-LSK
!!!!! Target Coin!!! : KRW-LSK
------------------------------------
Coin ticker : KRW-LSK
- Recently RSI : 40.07074640000336  ->  43.34801399055871
ma20 : 1849.75
ma5 : 1857.6  <-  1856.0  <-  1853.4
-rsi1_min: 46.67160298587851
Coin Ticker:  KRW-STEEM
Coin Ticker:  KRW-XLM
Coin Ticker:  KRW-ARDR
Coin Ticker:  KRW-ARK
!!!!! Target Coin!!! : KRW-ARK
------------------------------------
Coin ticker : KRW-ARK
- Recently RSI : 38.51317695331107  ->  36.80453179646171
ma20 : 1111.5
ma5 : 1114.6  <-  1113.4  <-  1113.4
-rsi1_min: 58.9724962222698
Coin Ticker:  KRW-STORJ
!!!!! Target Coin!!! : KRW-STORJ
------------------------------------
Coin ticker : KRW-STORJ
- Recently RSI : 42.7245443278672  ->  42.86485363978177
ma20 : 858.21
ma5 : 857.6600000000001  <-  857.5200000000001  <-  857.5
-rsi1_min: 48.03214608080317
Coin Ticker:  KRW-GRS
Coin Ticker:  KRW-ADA
!!!!! Target Coin!!! : KRW-ADA
------------------------------------
Coin ticker : KRW-ADA
- Recently RSI : 37.8450632683673  ->  39.86915958325493
ma20 : 684.005
ma5 : 684.86  <-  684.42  <-  684.5
-rsi1_min: 68.6438718728653
Coin Ticker:  KRW-SBD
Coin Ticker:  KRW-POWR
Coin Ticker:  KRW-BTG
Coin Ticker:  KRW-ICX
Coin Ticker:  KRW-EOS
Coin Ticker:  KRW-TRX
Coin Ticker:  KRW-SC
!!!!! Target Coin!!! : KRW-SC
------------------------------------
Coin ticker : KRW-SC
- Recently RSI : 48.176265633746254  ->  46.78743840883759
ma20 : 12.001
ma5 : 12.0  <-  12.0  <-  12.001999999999999
-rsi1_min: 47.25239894158697
Coin Ticker:  KRW-ONT
Coin Ticker:  KRW-ZIL
Coin Ticker:  KRW-POLYX
Coin Ticker:  KRW-ZRX
Coin Ticker:  KRW-LOOM
Coin Ticker:  KRW-BCH
Coin Ticker:  KRW-BAT
Coin Ticker:  KRW-IOST
Coin Ticker:  KRW-CVC
Coin Ticker:  KRW-IQ
Coin Ticker:  KRW-IOTA
!!!!! Target Coin!!! : KRW-IOTA
------------------------------------
Coin ticker : KRW-IOTA
- Recently RSI : 40.934618163317154  ->  46.87087497919541
ma20 : 333.755
ma5 : 332.86  <-  332.74  <-  332.65999999999997
-rsi1_min: 56.609033772696186
Coin Ticker:  KRW-HIFI
Coin Ticker:  KRW-ONG
Coin Ticker:  KRW-GAS
!!!!! Target Coin!!! : KRW-GAS
------------------------------------
Coin ticker : KRW-GAS
- Recently RSI : 38.72481946932066  ->  44.46942361904405
ma20 : 7669.4
ma5 : 7699.2  <-  7689.0  <-  7682.0
-rsi1_min: 64.76456739636764
Coin Ticker:  KRW-UPP
Coin Ticker:  KRW-ELF
Coin Ticker:  KRW-KNC
Coin Ticker:  KRW-BSV
!!!!! Target Coin!!! : KRW-BSV
------------------------------------
Coin ticker : KRW-BSV
- Recently RSI : 35.94337114285662  ->  40.91085733229792
ma20 : 97303.5
ma5 : 97644.0  <-  97572.0  <-  97502.0
-rsi1_min: 74.02554541039582
Coin Ticker:  KRW-THETA
Coin Ticker:  KRW-QKC
Coin Ticker:  KRW-BTT
Coin Ticker:  KRW-MOC
Coin Ticker:  KRW-TFUEL
Coin Ticker:  KRW-MANA
Coin Ticker:  KRW-ANKR
Coin Ticker:  KRW-AERGO
Coin Ticker:  KRW-ATOM
Coin Ticker:  KRW-TT
Coin Ticker:  KRW-CRE
Coin Ticker:  KRW-MBL
Coin Ticker:  KRW-WAXP
Coin Ticker:  KRW-HBAR
Coin Ticker:  KRW-MED
Coin Ticker:  KRW-MLK
Coin Ticker:  KRW-STPT
Coin Ticker:  KRW-ORBS
Coin Ticker:  KRW-VET
Coin Ticker:  KRW-CHZ
!!!!! Target Coin!!! : KRW-CHZ
------------------------------------
Coin ticker : KRW-CHZ
- Recently RSI : 33.87058587522817  ->  38.07664554319485
ma20 : 136.25
ma5 : 136.84  <-  136.86  <-  136.82
-rsi1_min: 46.74716980551897
Coin Ticker:  KRW-STMX
Coin Ticker:  KRW-DKA
Coin Ticker:  KRW-HIVE
Coin Ticker:  KRW-KAVA
Coin Ticker:  KRW-AHT
!!!!! Target Coin!!! : KRW-AHT
------------------------------------
Coin ticker : KRW-AHT
- Recently RSI : 70.56474009555576  ->  68.75159493004635
ma20 : 10.9555
ma5 : 10.958  <-  10.922  <-  10.95
-rsi1_min: 80.48132140147429
Coin Ticker:  KRW-LINK
!!!!! Target Coin!!! : KRW-LINK
------------------------------------
Coin ticker : KRW-LINK
- Recently RSI : 63.879237050656855  ->  62.29316156219994
ma20 : 25459.5
ma5 : 25668.0  <-  25652.0  <-  25656.0
-rsi1_min: 63.18883770254878
Coin Ticker:  KRW-XTZ
Coin Ticker:  KRW-BORA
!!!!! Target Coin!!! : KRW-BORA
------------------------------------
Coin ticker : KRW-BORA
- Recently RSI : 59.320406132236066  ->  54.02300732966657
ma20 : 192.035
ma5 : 191.85999999999999  <-  191.90000000000003  <-  192.06
-rsi1_min: 44.054670749939504
Coin Ticker:  KRW-JST
Coin Ticker:  KRW-CRO
Coin Ticker:  KRW-TON
Coin Ticker:  KRW-SXP
Coin Ticker:  KRW-HUNT
Coin Ticker:  KRW-PLA
Coin Ticker:  KRW-DOT
Coin Ticker:  KRW-MVL
Coin Ticker:  KRW-STRAX
Coin Ticker:  KRW-AQT
Coin Ticker:  KRW-GLM
Coin Ticker:  KRW-SSX
!!!!! Target Coin!!! : KRW-SSX
------------------------------------
Coin ticker : KRW-SSX
- Recently RSI : 49.05096041872676  ->  54.04412320239133
ma20 : 19.027
ma5 : 19.163999999999998  <-  19.136000000000003  <-  19.029999999999998
-rsi1_min: 45.900211802581474
Coin Ticker:  KRW-META
Coin Ticker:  KRW-FCT2
Coin Ticker:  KRW-CBK
Coin Ticker:  KRW-SAND
Coin Ticker:  KRW-HPO
Coin Ticker:  KRW-DOGE
!!!!! Target Coin!!! : KRW-DOGE
------------------------------------
Coin ticker : KRW-DOGE
- Recently RSI : 35.48810195669006  ->  43.7106634512597
ma20 : 107.58
ma5 : 107.66000000000001  <-  107.58  <-  107.48000000000002
-rsi1_min: 59.25489660561146
Coin Ticker:  KRW-STRK
Coin Ticker:  KRW-PUNDIX
Coin Ticker:  KRW-FLOW
Coin Ticker:  KRW-AXS
Coin Ticker:  KRW-STX
!!!!! Target Coin!!! : KRW-STX
------------------------------------
Coin ticker : KRW-STX
- Recently RSI : 40.41163976784509  ->  44.078943566333145
ma20 : 2026.3
ma5 : 2036.0  <-  2035.0  <-  2034.0
-rsi1_min: 68.45633537146998
Coin Ticker:  KRW-XEC
Coin Ticker:  KRW-SOL
!!!!! Target Coin!!! : KRW-SOL
------------------------------------
Coin ticker : KRW-SOL
- Recently RSI : 40.83039012588006  ->  43.676997124396
ma20 : 132390.0
ma5 : 132790.0  <-  132590.0  <-  132500.0
-rsi1_min: 68.92553121614559
Coin Ticker:  KRW-MATIC
Coin Ticker:  KRW-AAVE
Coin Ticker:  KRW-1INCH
Coin Ticker:  KRW-ALGO
Coin Ticker:  KRW-NEAR
Coin Ticker:  KRW-AVAX
!!!!! Target Coin!!! : KRW-AVAX
------------------------------------
Coin ticker : KRW-AVAX
- Recently RSI : 34.12978336941117  ->  44.45654857994597
ma20 : 48125.5
ma5 : 48370.0  <-  48326.0  <-  48274.0
-rsi1_min: 61.39519095545924
Coin Ticker:  KRW-T
!!!!! Target Coin!!! : KRW-T
# Remain Won : 694274.59832588
------------------------------------
Coin ticker : KRW-T
- Recently RSI : 40.56851695961065  ->  41.70114496717182
- Now Revenue :  -1.2543256901868924
Coin Ticker:  KRW-CELO
Coin Ticker:  KRW-GMT
!!!!! Target Coin!!! : KRW-GMT
# Remain Won : 694274.59832588
------------------------------------
Coin ticker : KRW-GMT
- Recently RSI : 35.3500561598089  ->  38.947999813932505
- Now Revenue :  -15.58799737069311
Coin Ticker:  KRW-APT
!!!!! Target Coin!!! : KRW-APT
# Remain Won : 694274.59832588
------------------------------------
Coin ticker : KRW-APT
- Recently RSI : 44.01991714787098  ->  42.30393401483912
- Now Revenue :  -33.57434144134147
Coin Ticker:  KRW-SHIB
Coin Ticker:  KRW-MASK
Coin Ticker:  KRW-ARB
!!!!! Target Coin!!! : KRW-ARB
------------------------------------
Coin ticker : KRW-ARB
- Recently RSI : 41.73469253313632  ->  44.68394794751416
ma20 : 2391.55
ma5 : 2393.4  <-  2392.6  <-  2391.8
-rsi1_min: 59.968331349834166
Coin Ticker:  KRW-EGLD
Coin Ticker:  KRW-SUI
!!!!! Target Coin!!! : KRW-SUI
------------------------------------
Coin ticker : KRW-SUI
- Recently RSI : 58.31492949901225  ->  59.07696876060037
ma20 : 2048.85
ma5 : 2077.8  <-  2080.0  <-  2080.0
-rsi1_min: 50.835723650932984
Coin Ticker:  KRW-GRT
Coin Ticker:  KRW-BLUR
!!!!! Target Coin!!! : KRW-BLUR
------------------------------------
Coin ticker : KRW-BLUR
- Recently RSI : 51.579681512959624  ->  54.221208371416104
ma20 : 798.8799999999999
ma5 : 801.5  <-  801.46  <-  801.26
-rsi1_min: 61.233602201458936
Coin Ticker:  KRW-IMX
!!!!! Target Coin!!! : KRW-IMX
------------------------------------
Coin ticker : KRW-IMX
- Recently RSI : 48.613345172377  ->  54.16189322834944
ma20 : 2946.0
ma5 : 2959.4  <-  2959.8  <-  2958.8
-rsi1_min: 48.30052087441596
Coin Ticker:  KRW-SEI
!!!!! Target Coin!!! : KRW-SEI
------------------------------------
Coin ticker : KRW-SEI
- Recently RSI : 42.99003590145494  ->  43.781992026740205
ma20 : 825.0649999999999
ma5 : 827.54  <-  827.9399999999999  <-  828.2199999999999
-rsi1_min: 57.1373929872022
Coin Ticker:  KRW-MINA
!!!!! Target Coin!!! : KRW-MINA
------------------------------------
Coin ticker : KRW-MINA
- Recently RSI : 42.392749633002516  ->  43.76431515264789
ma20 : 1610.7
ma5 : 1619.4  <-  1619.0  <-  1618.2
-rsi1_min: 64.38468829217308
Coin Ticker:  KRW-CTC
Coin Ticker:  KRW-ASTR
!!!!! Target Coin!!! : KRW-ASTR
------------------------------------
Coin ticker : KRW-ASTR
- Recently RSI : 39.60799993494975  ->  38.442833465291756
ma20 : 244.68
ma5 : 244.5  <-  244.4  <-  244.5
-rsi1_min: 74.45732416821853
-----------------------------------------------
Total Money: 34247603.86713372
Total Real Money: 34714542.329289824
Total Revenue 1.3683430755160824
-----------------------------------------------
CoinMaxMoney :  6849520.773426744
FirstEnterMoney :  684952.0773426745
WaterEnterMoeny :  342476.03867133724
--------------GetTopCoinList Start-------------------
-------------------------- KRW-BTC
KRW-BTC 1131027992241.6912
-------------------------- KRW-ETH
KRW-ETH 305005616874.7348
-------------------------- KRW-NEO
KRW-NEO 111404930528.24513
-------------------------- KRW-MTL
KRW-MTL 24872165042.98744
-------------------------- KRW-XRP
KRW-XRP 914314256685.2094
-------------------------- KRW-ETC
KRW-ETC 716227582006.286
-------------------------- KRW-SNT
KRW-SNT 7265784222.538377
-------------------------- KRW-WAVES
KRW-WAVES 27398219383.991566
-------------------------- KRW-XEM
KRW-XEM 61726761087.52365
-------------------------- KRW-QTUM
KRW-QTUM 12413821602.176416
-------------------------- KRW-LSK
KRW-LSK 403148908266.07935
-------------------------- KRW-STEEM
KRW-STEEM 6610873402.058241
-------------------------- KRW-XLM
KRW-XLM 24352847098.360985
-------------------------- KRW-ARDR
KRW-ARDR 3770840039.7316194
-------------------------- KRW-ARK
KRW-ARK 232167363510.85266
-------------------------- KRW-STORJ
KRW-STORJ 338151255840.1308
-------------------------- KRW-GRS
KRW-GRS 5056640426.044498
-------------------------- KRW-ADA
KRW-ADA 112720678472.89143
-------------------------- KRW-SBD
KRW-SBD 31548151876.028656
-------------------------- KRW-POWR
KRW-POWR 35914235357.24093
-------------------------- KRW-BTG
KRW-BTG 70429751365.38995
-------------------------- KRW-ICX
KRW-ICX 25217457920.393303
-------------------------- KRW-EOS
KRW-EOS 25307861770.11483
-------------------------- KRW-TRX
KRW-TRX 64561050130.33364
-------------------------- KRW-SC
KRW-SC 119658682121.9799
-------------------------- KRW-ONT
KRW-ONT 10338077543.023396
-------------------------- KRW-ZIL
KRW-ZIL 8881781804.448317
-------------------------- KRW-POLYX
KRW-POLYX 13953477089.889349
-------------------------- KRW-ZRX
KRW-ZRX 67310871374.13091
-------------------------- KRW-LOOM
KRW-LOOM 14959767975.37621
-------------------------- KRW-BCH
KRW-BCH 44896942404.74584
-------------------------- KRW-BAT
KRW-BAT 9759476495.688143
-------------------------- KRW-IOST
KRW-IOST 5225219573.381761
-------------------------- KRW-CVC
KRW-CVC 3878843332.9436016
-------------------------- KRW-IQ
KRW-IQ 7843937504.55788
-------------------------- KRW-IOTA
KRW-IOTA 99515506149.14508
-------------------------- KRW-HIFI
KRW-HIFI 13205850361.14369
-------------------------- KRW-ONG
KRW-ONG 7654258168.169758
-------------------------- KRW-GAS
KRW-GAS 201148888168.93784
-------------------------- KRW-UPP
KRW-UPP 3349777938.3378577
-------------------------- KRW-ELF
KRW-ELF 17644529211.615772
-------------------------- KRW-KNC
KRW-KNC 11883881049.661327
-------------------------- KRW-BSV
KRW-BSV 147292822197.288
-------------------------- KRW-THETA
KRW-THETA 15093227156.757544
-------------------------- KRW-QKC
KRW-QKC 4150156863.224606
-------------------------- KRW-BTT
KRW-BTT 22435334324.49053
-------------------------- KRW-MOC
KRW-MOC 4011616712.202408
-------------------------- KRW-TFUEL
KRW-TFUEL 9839581317.224323
-------------------------- KRW-MANA
KRW-MANA 18111638081.845284
-------------------------- KRW-ANKR
KRW-ANKR 13335719765.014387
-------------------------- KRW-AERGO
KRW-AERGO 5153404062.715601
-------------------------- KRW-ATOM
KRW-ATOM 20580594326.29808
-------------------------- KRW-TT
KRW-TT 5076377759.89893
-------------------------- KRW-CRE
KRW-CRE 20234758287.032635
-------------------------- KRW-MBL
KRW-MBL 8197440574.2088995
-------------------------- KRW-WAXP
KRW-WAXP 11720747637.09048
-------------------------- KRW-HBAR
KRW-HBAR 24649913217.919037
-------------------------- KRW-MED
KRW-MED 7314709944.347843
-------------------------- KRW-MLK
KRW-MLK 19286951252.40206
-------------------------- KRW-STPT
KRW-STPT 16188648109.524433
-------------------------- KRW-ORBS
KRW-ORBS 12434894917.497902
-------------------------- KRW-VET
KRW-VET 18774903538.21403
-------------------------- KRW-CHZ
KRW-CHZ 90638494352.49318
-------------------------- KRW-STMX
KRW-STMX 13420960299.057446
-------------------------- KRW-DKA
KRW-DKA 7970978992.54211
-------------------------- KRW-HIVE
KRW-HIVE 5946518507.343826
-------------------------- KRW-KAVA
KRW-KAVA 25392512459.75868
-------------------------- KRW-AHT
KRW-AHT 106812268695.18106
-------------------------- KRW-LINK
KRW-LINK 413918172197.1657
-------------------------- KRW-XTZ
KRW-XTZ 31686431424.492195
-------------------------- KRW-BORA
KRW-BORA 123296456457.8354
-------------------------- KRW-JST
KRW-JST 4226633052.5578103
-------------------------- KRW-CRO
KRW-CRO 3588238634.1453094
-------------------------- KRW-TON
KRW-TON 31380979961.146107
-------------------------- KRW-SXP
KRW-SXP 19642531718.844944
-------------------------- KRW-HUNT
KRW-HUNT 4977712213.7121315
-------------------------- KRW-PLA
KRW-PLA 12088296839.701391
-------------------------- KRW-DOT
KRW-DOT 47677485189.97957
-------------------------- KRW-MVL
KRW-MVL 7748985447.659131
-------------------------- KRW-STRAX
KRW-STRAX 53793584009.36718
-------------------------- KRW-AQT
KRW-AQT 6990668472.989513
-------------------------- KRW-GLM
KRW-GLM 4634722945.497488
-------------------------- KRW-SSX
KRW-SSX 238984179230.4969
-------------------------- KRW-META
KRW-META 12186617779.84341
-------------------------- KRW-FCT2
KRW-FCT2 3917915183.35866
-------------------------- KRW-CBK
KRW-CBK 3798223064.4843125
-------------------------- KRW-SAND
KRW-SAND 58091317813.24173
-------------------------- KRW-HPO
KRW-HPO 3691430572.2293887
-------------------------- KRW-DOGE
KRW-DOGE 133879938282.79561
-------------------------- KRW-STRK
KRW-STRK 8684017370.808191
-------------------------- KRW-PUNDIX
KRW-PUNDIX 5373564406.739196
-------------------------- KRW-FLOW
KRW-FLOW 46187673334.02206
-------------------------- KRW-AXS
KRW-AXS 63866116901.694336
-------------------------- KRW-STX
KRW-STX 159173099692.13333
-------------------------- KRW-XEC
KRW-XEC 18000791527.837612
-------------------------- KRW-SOL
KRW-SOL 717123498038.8372
-------------------------- KRW-MATIC
KRW-MATIC 83704519580.7399
-------------------------- KRW-AAVE
KRW-AAVE 53109905553.821884
-------------------------- KRW-1INCH
KRW-1INCH 58777798324.9792
-------------------------- KRW-ALGO
KRW-ALGO 45028083998.269844
-------------------------- KRW-NEAR
KRW-NEAR 76224818990.14323
-------------------------- KRW-AVAX
KRW-AVAX 193655790460.0642
-------------------------- KRW-T
KRW-T 42783841593.124146
-------------------------- KRW-CELO
KRW-CELO 44931585458.35085
-------------------------- KRW-GMT
KRW-GMT 43130212334.80594
-------------------------- KRW-APT
KRW-APT 108356939163.73703
-------------------------- KRW-SHIB
KRW-SHIB 31787579010.97813
-------------------------- KRW-MASK
KRW-MASK 41363469645.039276
-------------------------- KRW-ARB
KRW-ARB 187660973658.2946
-------------------------- KRW-EGLD
KRW-EGLD 72769916196.55775
-------------------------- KRW-SUI
KRW-SUI 991183313607.9888
-------------------------- KRW-GRT
KRW-GRT 24100651399.986134
-------------------------- KRW-BLUR
KRW-BLUR 272698140784.36993
-------------------------- KRW-IMX
KRW-IMX 93423531864.08414
-------------------------- KRW-SEI
KRW-SEI 737008677696.5886
-------------------------- KRW-MINA
KRW-MINA 356217957080.8971
-------------------------- KRW-CTC
KRW-CTC 69169032989.1481
-------------------------- KRW-ASTR
KRW-ASTR 363731042345.7869
--------------GetTopCoinList End-------------------
Coin Ticker:  KRW-BTC
Coin Ticker:  KRW-ETH
!!!!! Target Coin!!! : KRW-ETH
------------------------------------
Coin ticker : KRW-ETH
- Recently RSI : 44.95932103067223  ->  48.75093059661762
ma20 : 3158200.0
ma5 : 3163600.0  <-  3160800.0  <-  3159600.0
-rsi1_min: 65.38749008448181
Coin Ticker:  KRW-NEO
!!!!! Target Coin!!! : KRW-NEO
------------------------------------
Coin ticker : KRW-NEO
- Recently RSI : 36.038047635730265  ->  37.109651977957725
ma20 : 14918.0
ma5 : 14936.0  <-  14920.0  <-  14910.0
-rsi1_min: 71.97027038417288
Coin Ticker:  KRW-MTL
Coin Ticker:  KRW-XRP
!!!!! Target Coin!!! : KRW-XRP
# Remain Won : 694274.59832588
------------------------------------
Coin ticker : KRW-XRP
- Recently RSI : 34.96384628574832  ->  39.17977211299878
- Now Revenue :  -0.6862044317369485
Coin Ticker:  KRW-ETC
!!!!! Target Coin!!! : KRW-ETC
------------------------------------
Coin ticker : KRW-ETC
- Recently RSI : 39.960398421586035  ->  41.16052358634339
ma20 : 33992.5
ma5 : 34036.0  <-  33960.0  <-  33928.0
-rsi1_min: 60.64464404135333
Coin Ticker:  KRW-SNT
Coin Ticker:  KRW-WAVES
Coin Ticker:  KRW-XEM
Coin Ticker:  KRW-QTUM
Coin Ticker:  KRW-LSK
!!!!! Target Coin!!! : KRW-LSK
------------------------------------
Coin ticker : KRW-LSK
- Recently RSI : 40.07074640000336  ->  43.34801399055871
ma20 : 1852.15
ma5 : 1861.0  <-  1857.6  <-  1856.0
-rsi1_min: 64.16716737860548
Coin Ticker:  KRW-STEEM
Coin Ticker:  KRW-XLM
Coin Ticker:  KRW-ARDR
Coin Ticker:  KRW-ARK
!!!!! Target Coin!!! : KRW-ARK
------------------------------------
Coin ticker : KRW-ARK
- Recently RSI : 38.51317695331107  ->  36.80453179646171
ma20 : 1112.4
ma5 : 1116.0  <-  1114.6  <-  1113.4
-rsi1_min: 59.78593619263664
Coin Ticker:  KRW-STORJ
!!!!! Target Coin!!! : KRW-STORJ
------------------------------------
Coin ticker : KRW-STORJ
- Recently RSI : 42.7245443278672  ->  42.86485363978177
ma20 : 858.905
ma5 : 858.86  <-  857.6600000000001  <-  857.5200000000001
-rsi1_min: 70.95518751474918
Coin Ticker:  KRW-GRS
Coin Ticker:  KRW-ADA
!!!!! Target Coin!!! : KRW-ADA
------------------------------------
Coin ticker : KRW-ADA
- Recently RSI : 37.8450632683673  ->  39.86915958325493
ma20 : 684.415
ma5 : 685.74  <-  684.86  <-  684.42
-rsi1_min: 61.33961681268634
Coin Ticker:  KRW-SBD
Coin Ticker:  KRW-POWR
Coin Ticker:  KRW-BTG
Coin Ticker:  KRW-ICX
Coin Ticker:  KRW-EOS
Coin Ticker:  KRW-TRX
Coin Ticker:  KRW-SC
!!!!! Target Coin!!! : KRW-SC
------------------------------------
Coin ticker : KRW-SC
- Recently RSI : 48.176265633746254  ->  46.78743840883759
ma20 : 12.001999999999999
ma5 : 12.0  <-  12.0  <-  12.0
-rsi1_min: 55.75428533599342
Coin Ticker:  KRW-ONT
Coin Ticker:  KRW-ZIL
Coin Ticker:  KRW-POLYX
Coin Ticker:  KRW-ZRX
Coin Ticker:  KRW-LOOM
Coin Ticker:  KRW-BCH
Coin Ticker:  KRW-BAT
Coin Ticker:  KRW-IOST
Coin Ticker:  KRW-CVC
Coin Ticker:  KRW-IQ
Coin Ticker:  KRW-IOTA
!!!!! Target Coin!!! : KRW-IOTA
------------------------------------
Coin ticker : KRW-IOTA
- Recently RSI : 40.934618163317154  ->  46.87087497919541
ma20 : 333.80499999999995
ma5 : 333.41999999999996  <-  332.86  <-  332.74
-rsi1_min: 76.10810871530789
Coin Ticker:  KRW-HIFI
Coin Ticker:  KRW-ONG
Coin Ticker:  KRW-GAS
!!!!! Target Coin!!! : KRW-GAS
------------------------------------
Coin ticker : KRW-GAS
- Recently RSI : 38.72481946932066  ->  44.46942361904405
ma20 : 7675.6
ma5 : 7708.4  <-  7699.2  <-  7689.0
-rsi1_min: 50.505769546422066
Coin Ticker:  KRW-UPP
Coin Ticker:  KRW-ELF
Coin Ticker:  KRW-KNC
Coin Ticker:  KRW-BSV
!!!!! Target Coin!!! : KRW-BSV
------------------------------------
Coin ticker : KRW-BSV
- Recently RSI : 35.94337114285662  ->  40.91085733229792
ma20 : 97402.5
ma5 : 97912.0  <-  97644.0  <-  97572.0
-rsi1_min: 78.6257638608554
Coin Ticker:  KRW-THETA
Coin Ticker:  KRW-QKC
Coin Ticker:  KRW-BTT
Coin Ticker:  KRW-MOC
Coin Ticker:  KRW-TFUEL
Coin Ticker:  KRW-MANA
Coin Ticker:  KRW-ANKR
Coin Ticker:  KRW-AERGO
Coin Ticker:  KRW-ATOM
Coin Ticker:  KRW-TT
Coin Ticker:  KRW-CRE
Coin Ticker:  KRW-MBL
Coin Ticker:  KRW-WAXP
Coin Ticker:  KRW-HBAR
Coin Ticker:  KRW-MED
Coin Ticker:  KRW-MLK
Coin Ticker:  KRW-STPT
Coin Ticker:  KRW-ORBS
Coin Ticker:  KRW-VET
Coin Ticker:  KRW-CHZ
!!!!! Target Coin!!! : KRW-CHZ
------------------------------------
Coin ticker : KRW-CHZ
- Recently RSI : 33.87058587522817  ->  38.07664554319485
ma20 : 136.37
ma5 : 136.95999999999998  <-  136.84  <-  136.86
-rsi1_min: 65.06672347429335
Coin Ticker:  KRW-STMX
Coin Ticker:  KRW-DKA
Coin Ticker:  KRW-HIVE
Coin Ticker:  KRW-KAVA
Coin Ticker:  KRW-AHT
!!!!! Target Coin!!! : KRW-AHT
------------------------------------
Coin ticker : KRW-AHT
- Recently RSI : 70.56474009555576  ->  68.75159493004635
ma20 : 10.956999999999999
ma5 : 10.968  <-  10.958  <-  10.922
-rsi1_min: 54.95230210550402
Coin Ticker:  KRW-LINK
!!!!! Target Coin!!! : KRW-LINK
------------------------------------
Coin ticker : KRW-LINK
- Recently RSI : 63.879237050656855  ->  62.29316156219994
ma20 : 25512.5
ma5 : 25700.0  <-  25668.0  <-  25652.0
-rsi1_min: 53.576857258827815
Coin Ticker:  KRW-XTZ
Coin Ticker:  KRW-BORA
!!!!! Target Coin!!! : KRW-BORA
------------------------------------
Coin ticker : KRW-BORA
- Recently RSI : 59.320406132236066  ->  54.02300732966657
ma20 : 192.035
ma5 : 191.85999999999999  <-  191.90000000000003  <-  192.06
-rsi1_min: 52.98625589114504
Coin Ticker:  KRW-JST
Coin Ticker:  KRW-CRO
Coin Ticker:  KRW-TON
Coin Ticker:  KRW-SXP
Coin Ticker:  KRW-HUNT
Coin Ticker:  KRW-PLA
Coin Ticker:  KRW-DOT
Coin Ticker:  KRW-MVL
Coin Ticker:  KRW-STRAX
Coin Ticker:  KRW-AQT
Coin Ticker:  KRW-GLM
Coin Ticker:  KRW-SSX
!!!!! Target Coin!!! : KRW-SSX
------------------------------------
Coin ticker : KRW-SSX
- Recently RSI : 49.05096041872676  ->  54.04412320239133
ma20 : 19.0445
ma5 : 19.222  <-  19.163999999999998  <-  19.136000000000003
-rsi1_min: 47.90447617544093
Coin Ticker:  KRW-META
Coin Ticker:  KRW-FCT2
Coin Ticker:  KRW-CBK
Coin Ticker:  KRW-SAND
Coin Ticker:  KRW-HPO
Coin Ticker:  KRW-DOGE
!!!!! Target Coin!!! : KRW-DOGE
------------------------------------
Coin ticker : KRW-DOGE
- Recently RSI : 35.48810195669006  ->  43.7106634512597
ma20 : 107.675
ma5 : 107.88  <-  107.74000000000001  <-  107.66
-rsi1_min: 57.05523652848903
Coin Ticker:  KRW-STRK
Coin Ticker:  KRW-PUNDIX
Coin Ticker:  KRW-FLOW
Coin Ticker:  KRW-AXS
Coin Ticker:  KRW-STX
!!!!! Target Coin!!! : KRW-STX
------------------------------------
Coin ticker : KRW-STX
- Recently RSI : 40.41163976784509  ->  44.078943566333145
ma20 : 2029.05
ma5 : 2039.8  <-  2036.0  <-  2035.0
-rsi1_min: 90.31521366608942
Coin Ticker:  KRW-XEC
Coin Ticker:  KRW-SOL
!!!!! Target Coin!!! : KRW-SOL
------------------------------------
Coin ticker : KRW-SOL
- Recently RSI : 40.83039012588006  ->  43.676997124396
ma20 : 132527.5
ma5 : 133080.0  <-  132790.0  <-  132590.0
-rsi1_min: 69.39444155129591
Coin Ticker:  KRW-MATIC
Coin Ticker:  KRW-AAVE
Coin Ticker:  KRW-1INCH
Coin Ticker:  KRW-ALGO
Coin Ticker:  KRW-NEAR
Coin Ticker:  KRW-AVAX
!!!!! Target Coin!!! : KRW-AVAX
------------------------------------
Coin ticker : KRW-AVAX
- Recently RSI : 34.12978336941117  ->  44.45654857994597
ma20 : 48160.5
ma5 : 48496.0  <-  48370.0  <-  48326.0
-rsi1_min: 69.97477943363698
Coin Ticker:  KRW-T
!!!!! Target Coin!!! : KRW-T
# Remain Won : 694274.59832588
------------------------------------
Coin ticker : KRW-T
- Recently RSI : 40.56851695961065  ->  41.70114496717182
- Now Revenue :  -0.9067316474418845
Coin Ticker:  KRW-CELO
Coin Ticker:  KRW-GMT
!!!!! Target Coin!!! : KRW-GMT
# Remain Won : 694274.59832588
------------------------------------
Coin ticker : KRW-GMT
- Recently RSI : 35.3500561598089  ->  38.947999813932505
- Now Revenue :  -15.214492934280246
Coin Ticker:  KRW-APT
!!!!! Target Coin!!! : KRW-APT
# Remain Won : 694274.59832588
------------------------------------
Coin ticker : KRW-APT
- Recently RSI : 44.01991714787098  ->  42.30393401483912
- Now Revenue :  -33.41140033285743
Coin Ticker:  KRW-SHIB
Coin Ticker:  KRW-MASK
Coin Ticker:  KRW-ARB
!!!!! Target Coin!!! : KRW-ARB
------------------------------------
Coin ticker : KRW-ARB
- Recently RSI : 41.73469253313632  ->  44.68394794751416
ma20 : 2394.15
ma5 : 2397.0  <-  2394.0  <-  2393.4
-rsi1_min: 73.73222269550843
Coin Ticker:  KRW-EGLD
Coin Ticker:  KRW-SUI
!!!!! Target Coin!!! : KRW-SUI
------------------------------------
Coin ticker : KRW-SUI
- Recently RSI : 58.31492949901225  ->  59.07696876060037
ma20 : 2053.75
ma5 : 2079.2  <-  2077.8  <-  2080.0
-rsi1_min: 52.4101731718511
Coin Ticker:  KRW-GRT
Coin Ticker:  KRW-BLUR
!!!!! Target Coin!!! : KRW-BLUR
------------------------------------
Coin ticker : KRW-BLUR
- Recently RSI : 51.579681512959624  ->  54.221208371416104
ma20 : 799.605
ma5 : 801.48  <-  801.5  <-  801.46
-rsi1_min: 48.49623384461287
Coin Ticker:  KRW-IMX
!!!!! Target Coin!!! : KRW-IMX
------------------------------------
Coin ticker : KRW-IMX
- Recently RSI : 48.613345172377  ->  54.16189322834944
ma20 : 2947.7
ma5 : 2964.0  <-  2959.4  <-  2959.8
-rsi1_min: 62.78219428110052
Coin Ticker:  KRW-SEI
!!!!! Target Coin!!! : KRW-SEI
------------------------------------
Coin ticker : KRW-SEI
- Recently RSI : 42.99003590145494  ->  43.781992026740205
ma20 : 826.14
ma5 : 828.9  <-  827.54  <-  827.9399999999999
-rsi1_min: 66.7368304719528
Coin Ticker:  KRW-MINA
!!!!! Target Coin!!! : KRW-MINA
------------------------------------
Coin ticker : KRW-MINA
- Recently RSI : 42.392749633002516  ->  43.76431515264789
ma20 : 1614.7
ma5 : 1621.4  <-  1619.8  <-  1619.4
-rsi1_min: 66.34923834016465
Coin Ticker:  KRW-CTC
Coin Ticker:  KRW-ASTR
!!!!! Target Coin!!! : KRW-ASTR
------------------------------------
Coin ticker : KRW-ASTR
- Recently RSI : 39.60799993494975  ->  38.442833465291756
ma20 : 244.95499999999998
ma5 : 245.16  <-  244.5  <-  244.4
-rsi1_min: 58.04447016263849
-----------------------------------------------
Total Money: 34247603.86713372
Total Real Money: 34691205.06014929
Total Revenue 1.2952765826670787
-----------------------------------------------
CoinMaxMoney :  6849520.773426744
FirstEnterMoney :  684952.0773426745
WaterEnterMoeny :  342476.03867133724
--------------GetTopCoinList Start-------------------
-------------------------- KRW-BTC
KRW-BTC 1134305097196.492
-------------------------- KRW-ETH
KRW-ETH 305430923727.1206
-------------------------- KRW-NEO
KRW-NEO 111436822733.87451
-------------------------- KRW-MTL
KRW-MTL 24902731052.701088
-------------------------- KRW-XRP
KRW-XRP 915705868741.8634
-------------------------- KRW-ETC
KRW-ETC 717304696813.8188
-------------------------- KRW-SNT
KRW-SNT 7271889593.936641
-------------------------- KRW-WAVES
KRW-WAVES 27452082722.48396
-------------------------- KRW-XEM
KRW-XEM 61811137960.108925
-------------------------- KRW-QTUM
KRW-QTUM 12447494631.804918
-------------------------- KRW-LSK
KRW-LSK 403375311025.87573
-------------------------- KRW-STEEM
KRW-STEEM 6614937254.95998
-------------------------- KRW-XLM
KRW-XLM 24366570555.58099
-------------------------- KRW-ARDR
KRW-ARDR 3771931983.8479924
-------------------------- KRW-ARK
KRW-ARK 232200236636.10986
-------------------------- KRW-STORJ
KRW-STORJ 338222756762.8758
-------------------------- KRW-GRS
KRW-GRS 5060084062.345284
-------------------------- KRW-ADA
KRW-ADA 113022215677.44304
-------------------------- KRW-SBD
KRW-SBD 31557078025.554523
-------------------------- KRW-POWR
KRW-POWR 35926639495.62231
-------------------------- KRW-BTG
KRW-BTG 70583854424.00807
-------------------------- KRW-ICX
KRW-ICX 25225637205.384212
-------------------------- KRW-EOS
KRW-EOS 25322430751.46725
-------------------------- KRW-TRX
KRW-TRX 64637653299.646355
-------------------------- KRW-SC
KRW-SC 119724862685.18826
-------------------------- KRW-ONT
KRW-ONT 10347540460.094082
-------------------------- KRW-ZIL
KRW-ZIL 8909539328.603226
-------------------------- KRW-POLYX
KRW-POLYX 13969905043.317055
-------------------------- KRW-ZRX
KRW-ZRX 67318676432.808
-------------------------- KRW-LOOM
KRW-LOOM 14976310854.406166
-------------------------- KRW-BCH
KRW-BCH 45020928827.36736
-------------------------- KRW-BAT
KRW-BAT 9763136073.810965
-------------------------- KRW-IOST
KRW-IOST 5230109636.816093
-------------------------- KRW-CVC
KRW-CVC 3896171693.182828
-------------------------- KRW-IQ
KRW-IQ 7845234233.662621
-------------------------- KRW-IOTA
KRW-IOTA 99547135258.14952
-------------------------- KRW-HIFI
KRW-HIFI 13210851825.75512
-------------------------- KRW-ONG
KRW-ONG 7655028416.448279
-------------------------- KRW-GAS
KRW-GAS 201249153406.67358
-------------------------- KRW-UPP
KRW-UPP 3352141334.3724923
-------------------------- KRW-ELF
KRW-ELF 17653465418.013916
-------------------------- KRW-KNC
KRW-KNC 11892766033.589594
-------------------------- KRW-BSV
KRW-BSV 149954574152.70798
-------------------------- KRW-THETA
KRW-THETA 15107206500.749054
-------------------------- KRW-QKC
KRW-QKC 4150844368.619525
-------------------------- KRW-BTT
KRW-BTT 22467672497.097054
-------------------------- KRW-MOC
KRW-MOC 4017625631.3590918
-------------------------- KRW-TFUEL
KRW-TFUEL 9846218634.94059
-------------------------- KRW-MANA
KRW-MANA 18127875778.44713
-------------------------- KRW-ANKR
KRW-ANKR 13358946781.71209
-------------------------- KRW-AERGO
KRW-AERGO 5157305056.107048
-------------------------- KRW-ATOM
KRW-ATOM 20606969154.212166
-------------------------- KRW-TT
KRW-TT 5077238155.8885975
-------------------------- KRW-CRE
KRW-CRE 20243726458.09692
-------------------------- KRW-MBL
KRW-MBL 8202093694.046082
-------------------------- KRW-WAXP
KRW-WAXP 11724430423.785088
-------------------------- KRW-HBAR
KRW-HBAR 24655592827.083084
-------------------------- KRW-MED
KRW-MED 7360824898.775544
-------------------------- KRW-MLK
KRW-MLK 19307674973.529964
-------------------------- KRW-STPT
KRW-STPT 16199932044.290634
-------------------------- KRW-ORBS
KRW-ORBS 12448550687.223463
-------------------------- KRW-VET
KRW-VET 18778942202.37639
-------------------------- KRW-CHZ
KRW-CHZ 90765181162.75993
-------------------------- KRW-STMX
KRW-STMX 13463517266.7572
-------------------------- KRW-DKA
KRW-DKA 7977949454.231911
-------------------------- KRW-HIVE
KRW-HIVE 5958478313.163136
-------------------------- KRW-KAVA
KRW-KAVA 25443771784.952538
-------------------------- KRW-AHT
KRW-AHT 107323142777.96619
-------------------------- KRW-LINK
KRW-LINK 414765680765.0262
-------------------------- KRW-XTZ
KRW-XTZ 31697011463.183914
-------------------------- KRW-BORA
KRW-BORA 123352248608.47105
-------------------------- KRW-JST
KRW-JST 4231551386.5809746
-------------------------- KRW-CRO
KRW-CRO 3594128767.2499156
-------------------------- KRW-TON
KRW-TON 31393651361.346245
-------------------------- KRW-SXP
KRW-SXP 19650890484.59497
-------------------------- KRW-HUNT
KRW-HUNT 4986420984.086201
-------------------------- KRW-PLA
KRW-PLA 12113054864.770746
-------------------------- KRW-DOT
KRW-DOT 47893011820.45216
-------------------------- KRW-MVL
KRW-MVL 7750094631.124748
-------------------------- KRW-STRAX
KRW-STRAX 53873753154.96309
-------------------------- KRW-AQT
KRW-AQT 6995640858.045877
-------------------------- KRW-GLM
KRW-GLM 4650677492.793358
-------------------------- KRW-SSX
KRW-SSX 239354363448.34268
-------------------------- KRW-META
KRW-META 12218004885.7575
-------------------------- KRW-FCT2
KRW-FCT2 3923722606.07551
-------------------------- KRW-CBK
KRW-CBK 3834212653.3115535
-------------------------- KRW-SAND
KRW-SAND 58167670292.42205
-------------------------- KRW-HPO
KRW-HPO 3692554188.201131
-------------------------- KRW-DOGE
KRW-DOGE 134058849974.44284
-------------------------- KRW-STRK
KRW-STRK 8692856874.541862
-------------------------- KRW-PUNDIX
KRW-PUNDIX 5374448429.405292
-------------------------- KRW-FLOW
KRW-FLOW 46227993347.564804
-------------------------- KRW-AXS
KRW-AXS 63897260324.46029
-------------------------- KRW-STX
KRW-STX 159547450128.43182
-------------------------- KRW-XEC
KRW-XEC 18043772987.6316
-------------------------- KRW-SOL
KRW-SOL 718813898551.5936
-------------------------- KRW-MATIC
KRW-MATIC 83742509558.42787
-------------------------- KRW-AAVE
KRW-AAVE 53146914305.20203
-------------------------- KRW-1INCH
KRW-1INCH 58797712638.86967
-------------------------- KRW-ALGO
KRW-ALGO 45189633246.03212
-------------------------- KRW-NEAR
KRW-NEAR 76298341510.7655
-------------------------- KRW-AVAX
KRW-AVAX 194225938990.27765
-------------------------- KRW-T
KRW-T 42830622103.84196
-------------------------- KRW-CELO
KRW-CELO 45003474512.08849
-------------------------- KRW-GMT
KRW-GMT 43197188890.0061
-------------------------- KRW-APT
KRW-APT 108434907946.3253
-------------------------- KRW-SHIB
KRW-SHIB 31805056910.303707
-------------------------- KRW-MASK
KRW-MASK 41396612816.411285
-------------------------- KRW-ARB
KRW-ARB 187876632746.74927
-------------------------- KRW-EGLD
KRW-EGLD 72839981422.61256
-------------------------- KRW-SUI
KRW-SUI 992539612032.781
-------------------------- KRW-GRT
KRW-GRT 24153241113.92181
-------------------------- KRW-BLUR
KRW-BLUR 272935442126.82953
-------------------------- KRW-IMX
KRW-IMX 93501919105.479
-------------------------- KRW-SEI
KRW-SEI 737490993878.0323
-------------------------- KRW-MINA
KRW-MINA 356375231516.4012
-------------------------- KRW-CTC
KRW-CTC 69183176947.45123
-------------------------- KRW-ASTR
KRW-ASTR 364288170902.9013
--------------GetTopCoinList End-------------------
Coin Ticker:  KRW-BTC
Coin Ticker:  KRW-ETH
!!!!! Target Coin!!! : KRW-ETH
------------------------------------
Coin ticker : KRW-ETH
- Recently RSI : 48.750926297177  ->  55.372445357947996
ma20 : 3159550.0
ma5 : 3167400.0  <-  3163600.0  <-  3160800.0
-rsi1_min: 62.78539059672656
Coin Ticker:  KRW-NEO
!!!!! Target Coin!!! : KRW-NEO
------------------------------------
Coin ticker : KRW-NEO
- Recently RSI : 37.10964764727201  ->  49.79196757122861
ma20 : 14939.0
ma5 : 14994.0  <-  14962.0  <-  14936.0
-rsi1_min: 62.71279014499178
Coin Ticker:  KRW-MTL
Coin Ticker:  KRW-XRP
!!!!! Target Coin!!! : KRW-XRP
# Remain Won : 694274.59832588
------------------------------------
Coin ticker : KRW-XRP
- Recently RSI : 39.179769994712665  ->  37.339733850990775
- Now Revenue :  -0.8720514653323835
Coin Ticker:  KRW-ETC
!!!!! Target Coin!!! : KRW-ETC
------------------------------------
Coin ticker : KRW-ETC
- Recently RSI : 41.16051928934753  ->  46.61879465083896
ma20 : 34010.0
ma5 : 34108.0  <-  34036.0  <-  33960.0
-rsi1_min: 43.569008871827194
Coin Ticker:  KRW-SNT
Coin Ticker:  KRW-WAVES
Coin Ticker:  KRW-XEM
Coin Ticker:  KRW-QTUM
Coin Ticker:  KRW-LSK
!!!!! Target Coin!!! : KRW-LSK
------------------------------------
Coin ticker : KRW-LSK
- Recently RSI : 43.348013106287326  ->  50.93332830589714
ma20 : 1854.25
ma5 : 1866.4  <-  1861.0  <-  1857.6
-rsi1_min: 53.15299549626846
Coin Ticker:  KRW-STEEM
Coin Ticker:  KRW-XLM
Coin Ticker:  KRW-ARDR
Coin Ticker:  KRW-ARK
!!!!! Target Coin!!! : KRW-ARK
------------------------------------
Coin ticker : KRW-ARK
- Recently RSI : 36.804534282111746  ->  41.46561930483123
ma20 : 1113.35
ma5 : 1117.6  <-  1116.0  <-  1114.6
-rsi1_min: 47.04442979871537
Coin Ticker:  KRW-STORJ
!!!!! Target Coin!!! : KRW-STORJ
------------------------------------
Coin ticker : KRW-STORJ
- Recently RSI : 42.86485747620654  ->  46.860314843712395
ma20 : 859.6299999999999
ma5 : 860.22  <-  858.86  <-  857.6600000000001
-rsi1_min: 61.47800907923766
Coin Ticker:  KRW-GRS
Coin Ticker:  KRW-ADA
!!!!! Target Coin!!! : KRW-ADA
------------------------------------
Coin ticker : KRW-ADA
- Recently RSI : 39.8691551118888  ->  48.065312634170056
ma20 : 684.885
ma5 : 687.0600000000001  <-  685.74  <-  684.86
-rsi1_min: 59.37385519342733
Coin Ticker:  KRW-SBD
Coin Ticker:  KRW-POWR
Coin Ticker:  KRW-BTG
Coin Ticker:  KRW-ICX
Coin Ticker:  KRW-EOS
Coin Ticker:  KRW-TRX
Coin Ticker:  KRW-SC
!!!!! Target Coin!!! : KRW-SC
------------------------------------
Coin ticker : KRW-SC
- Recently RSI : 46.78743840883757  ->  47.60081986708061
ma20 : 12.0025
ma5 : 11.998  <-  12.0  <-  12.0
-rsi1_min: 41.66877175801477
Coin Ticker:  KRW-ONT
Coin Ticker:  KRW-ZIL
Coin Ticker:  KRW-POLYX
Coin Ticker:  KRW-ZRX
Coin Ticker:  KRW-LOOM
Coin Ticker:  KRW-BCH
Coin Ticker:  KRW-BAT
Coin Ticker:  KRW-IOST
Coin Ticker:  KRW-CVC
Coin Ticker:  KRW-IQ
Coin Ticker:  KRW-IOTA
!!!!! Target Coin!!! : KRW-IOTA
------------------------------------
Coin ticker : KRW-IOTA
- Recently RSI : 40.934618163317154  ->  46.87087497919541
ma20 : 333.80499999999995
ma5 : 333.41999999999996  <-  332.86  <-  332.74
-rsi1_min: 47.25145395467652
Coin Ticker:  KRW-HIFI
Coin Ticker:  KRW-ONG
Coin Ticker:  KRW-GAS
!!!!! Target Coin!!! : KRW-GAS
------------------------------------
Coin ticker : KRW-GAS
- Recently RSI : 44.46942250457925  ->  49.12440174996497
ma20 : 7681.05
ma5 : 7715.2  <-  7708.4  <-  7699.2
-rsi1_min: 49.832709070738694
Coin Ticker:  KRW-UPP
Coin Ticker:  KRW-ELF
Coin Ticker:  KRW-KNC
Coin Ticker:  KRW-BSV
!!!!! Target Coin!!! : KRW-BSV
------------------------------------
Coin ticker : KRW-BSV
- Recently RSI : 40.91085628597036  ->  52.74912928607615
ma20 : 97501.5
ma5 : 98160.0  <-  97912.0  <-  97644.0
-rsi1_min: 52.82959297925146
Coin Ticker:  KRW-THETA
Coin Ticker:  KRW-QKC
Coin Ticker:  KRW-BTT
Coin Ticker:  KRW-MOC
Coin Ticker:  KRW-TFUEL
Coin Ticker:  KRW-MANA
Coin Ticker:  KRW-ANKR
Coin Ticker:  KRW-AERGO
Coin Ticker:  KRW-ATOM
Coin Ticker:  KRW-TT
Coin Ticker:  KRW-CRE
Coin Ticker:  KRW-MBL
Coin Ticker:  KRW-WAXP
Coin Ticker:  KRW-HBAR
Coin Ticker:  KRW-MED
Coin Ticker:  KRW-MLK
Coin Ticker:  KRW-STPT
Coin Ticker:  KRW-ORBS
Coin Ticker:  KRW-VET
Coin Ticker:  KRW-CHZ
!!!!! Target Coin!!! : KRW-CHZ
------------------------------------
Coin ticker : KRW-CHZ
- Recently RSI : 38.076642545403686  ->  39.458917334808014
ma20 : 136.47
ma5 : 137.0  <-  136.96  <-  136.84
-rsi1_min: 43.248085066829574
Coin Ticker:  KRW-STMX
Coin Ticker:  KRW-DKA
Coin Ticker:  KRW-HIVE
Coin Ticker:  KRW-KAVA
Coin Ticker:  KRW-AHT
!!!!! Target Coin!!! : KRW-AHT
------------------------------------
Coin ticker : KRW-AHT
- Recently RSI : 68.75159493004635  ->  66.9003747993865
ma20 : 10.9465
ma5 : 10.957999999999998  <-  10.968  <-  10.958
-rsi1_min: 48.402354995642156
Coin Ticker:  KRW-LINK
!!!!! Target Coin!!! : KRW-LINK
------------------------------------
Coin ticker : KRW-LINK
- Recently RSI : 62.293160707070946  ->  62.95355618754987
ma20 : 25553.5
ma5 : 25712.0  <-  25700.0  <-  25668.0
-rsi1_min: 49.722116807411226
Coin Ticker:  KRW-XTZ
Coin Ticker:  KRW-BORA
!!!!! Target Coin!!! : KRW-BORA
------------------------------------
Coin ticker : KRW-BORA
- Recently RSI : 54.02300465100113  ->  53.29085824215357
ma20 : 191.965
ma5 : 191.78  <-  191.82  <-  191.86
-rsi1_min: 61.51062421923788
Coin Ticker:  KRW-JST
Coin Ticker:  KRW-CRO
Coin Ticker:  KRW-TON
Coin Ticker:  KRW-SXP
Coin Ticker:  KRW-HUNT
Coin Ticker:  KRW-PLA
Coin Ticker:  KRW-DOT
Coin Ticker:  KRW-MVL
Coin Ticker:  KRW-STRAX
Coin Ticker:  KRW-AQT
Coin Ticker:  KRW-GLM
Coin Ticker:  KRW-SSX
!!!!! Target Coin!!! : KRW-SSX
------------------------------------
Coin ticker : KRW-SSX
- Recently RSI : 54.04412540132892  ->  55.742669945617195
ma20 : 19.058
ma5 : 19.29  <-  19.221999999999998  <-  19.164
-rsi1_min: 46.19947891853482
Coin Ticker:  KRW-META
Coin Ticker:  KRW-FCT2
Coin Ticker:  KRW-CBK
Coin Ticker:  KRW-SAND
Coin Ticker:  KRW-HPO
Coin Ticker:  KRW-DOGE
!!!!! Target Coin!!! : KRW-DOGE
------------------------------------
Coin ticker : KRW-DOGE
- Recently RSI : 43.7106634512597  ->  49.28020525659578
ma20 : 107.72
ma5 : 108.04  <-  107.88  <-  107.74000000000001
-rsi1_min: 57.415243992900464
Coin Ticker:  KRW-STRK
Coin Ticker:  KRW-PUNDIX
Coin Ticker:  KRW-FLOW
Coin Ticker:  KRW-AXS
Coin Ticker:  KRW-STX
!!!!! Target Coin!!! : KRW-STX
------------------------------------
Coin ticker : KRW-STX
- Recently RSI : 44.07893701745356  ->  52.478045890616286
ma20 : 2031.45
ma5 : 2043.6  <-  2039.8  <-  2036.0
-rsi1_min: 51.626450141002486
Coin Ticker:  KRW-XEC
Coin Ticker:  KRW-SOL
!!!!! Target Coin!!! : KRW-SOL
------------------------------------
Coin ticker : KRW-SOL
- Recently RSI : 43.67699514445623  ->  56.34335652601505
ma20 : 132660.0
ma5 : 133410.0  <-  133080.0  <-  132790.0
-rsi1_min: 51.86442799794555
Coin Ticker:  KRW-MATIC
Coin Ticker:  KRW-AAVE
Coin Ticker:  KRW-1INCH
Coin Ticker:  KRW-ALGO
Coin Ticker:  KRW-NEAR
Coin Ticker:  KRW-AVAX
!!!!! Target Coin!!! : KRW-AVAX
------------------------------------
Coin ticker : KRW-AVAX
- Recently RSI : 44.45654052950353  ->  51.97197998461593
ma20 : 48199.5
ma5 : 48620.0  <-  48496.0  <-  48370.0
-rsi1_min: 58.05571353988286
Coin Ticker:  KRW-T
!!!!! Target Coin!!! : KRW-T
# Remain Won : 694274.59832588
------------------------------------
Coin ticker : KRW-T
- Recently RSI : 41.70114327584755  ->  44.72626575861512
- Now Revenue :  -1.0515624985856533
Coin Ticker:  KRW-CELO
Coin Ticker:  KRW-GMT
!!!!! Target Coin!!! : KRW-GMT
# Remain Won : 694274.59832588
------------------------------------
Coin ticker : KRW-GMT
- Recently RSI : 38.94799808983832  ->  46.74944584526935
- Now Revenue :  -15.214492934280246
Coin Ticker:  KRW-APT
!!!!! Target Coin!!! : KRW-APT
# Remain Won : 694274.59832588
------------------------------------
Coin ticker : KRW-APT
- Recently RSI : 42.3039336724609  ->  42.30393367246089
- Now Revenue :  -33.2484592243734
Coin Ticker:  KRW-SHIB
Coin Ticker:  KRW-MASK
Coin Ticker:  KRW-ARB
!!!!! Target Coin!!! : KRW-ARB
------------------------------------
Coin ticker : KRW-ARB
- Recently RSI : 44.68394612079044  ->  48.30690999275714
ma20 : 2395.45
ma5 : 2399.6  <-  2397.0  <-  2394.0
-rsi1_min: 59.922276612403614
Coin Ticker:  KRW-EGLD
Coin Ticker:  KRW-SUI
!!!!! Target Coin!!! : KRW-SUI
------------------------------------
Coin ticker : KRW-SUI
- Recently RSI : 59.07696833353734  ->  59.672417844736145
ma20 : 2058.4
ma5 : 2080.2  <-  2079.2  <-  2077.8
-rsi1_min: 46.63422582824248
Coin Ticker:  KRW-GRT
Coin Ticker:  KRW-BLUR
!!!!! Target Coin!!! : KRW-BLUR
------------------------------------
Coin ticker : KRW-BLUR
- Recently RSI : 54.22120567014591  ->  52.20345385040378
ma20 : 800.2850000000001
ma5 : 801.6  <-  801.48  <-  801.5
-rsi1_min: 49.314565186827245
Coin Ticker:  KRW-IMX
!!!!! Target Coin!!! : KRW-IMX
------------------------------------
Coin ticker : KRW-IMX
- Recently RSI : 54.16189189873983  ->  51.68706574105867
ma20 : 2948.8
ma5 : 2966.8  <-  2964.0  <-  2959.4
-rsi1_min: 48.11466282731779
Coin Ticker:  KRW-SEI
!!!!! Target Coin!!! : KRW-SEI
------------------------------------
Coin ticker : KRW-SEI
- Recently RSI : 43.78198266465555  ->  45.90626099710117
ma20 : 827.0350000000001
ma5 : 829.8199999999999  <-  828.9  <-  827.54
-rsi1_min: 41.29655238894118
Coin Ticker:  KRW-MINA
!!!!! Target Coin!!! : KRW-MINA
------------------------------------
Coin ticker : KRW-MINA
- Recently RSI : 42.392749633002516  ->  43.76431515264789
ma20 : 1614.7
ma5 : 1621.4  <-  1619.8  <-  1619.4
-rsi1_min: 47.82179538638146
Coin Ticker:  KRW-CTC
Coin Ticker:  KRW-ASTR
!!!!! Target Coin!!! : KRW-ASTR
------------------------------------
Coin ticker : KRW-ASTR
- Recently RSI : 38.44283449821449  ->  47.71815078618101
ma20 : 245.125
ma5 : 245.8  <-  245.16  <-  244.5
-rsi1_min: 47.52153413758886
-----------------------------------------------
Total Money: 34247603.86713372
Total Real Money: 34717474.978246056
Total Revenue 1.3719824398087406
-----------------------------------------------
CoinMaxMoney :  6849520.773426744
FirstEnterMoney :  684952.0773426745
WaterEnterMoeny :  342476.03867133724
--------------GetTopCoinList Start-------------------
-------------------------- KRW-BTC
KRW-BTC 1136446961638.9673
-------------------------- KRW-ETH
KRW-ETH 306303065117.1781
-------------------------- KRW-NEO
KRW-NEO 111491559608.94354
-------------------------- KRW-MTL
KRW-MTL 24906653645.455963
-------------------------- KRW-XRP
KRW-XRP 917074497023.7871
-------------------------- KRW-ETC
KRW-ETC 719341590878.2985
-------------------------- KRW-SNT
KRW-SNT 7271996773.346935
-------------------------- KRW-WAVES
KRW-WAVES 27512006588.6357
-------------------------- KRW-XEM
KRW-XEM 61887330602.70025
-------------------------- KRW-QTUM
KRW-QTUM 12452075305.62102
-------------------------- KRW-LSK
KRW-LSK 403507900581.6494
-------------------------- KRW-STEEM
KRW-STEEM 6620665641.080876
-------------------------- KRW-XLM
KRW-XLM 24381739185.286495
-------------------------- KRW-ARDR
KRW-ARDR 3773862066.4140224
-------------------------- KRW-ARK
KRW-ARK 232223369517.04224
-------------------------- KRW-STORJ
KRW-STORJ 338291175218.5398
-------------------------- KRW-GRS
KRW-GRS 5064564869.873721
-------------------------- KRW-ADA
KRW-ADA 113382271581.18234
-------------------------- KRW-SBD
KRW-SBD 31562879432.474598
-------------------------- KRW-POWR
KRW-POWR 35951222089.28619
-------------------------- KRW-BTG
KRW-BTG 70679675099.67902
-------------------------- KRW-ICX
KRW-ICX 25233636636.707535
-------------------------- KRW-EOS
KRW-EOS 25346640621.59293
-------------------------- KRW-TRX
KRW-TRX 64724909411.14997
-------------------------- KRW-SC
KRW-SC 119811084727.63097
-------------------------- KRW-ONT
KRW-ONT 10353716362.71282
-------------------------- KRW-ZIL
KRW-ZIL 8918107795.554876
-------------------------- KRW-POLYX
KRW-POLYX 13971461490.556438
-------------------------- KRW-ZRX
KRW-ZRX 67332482766.599495
-------------------------- KRW-LOOM
KRW-LOOM 15027417468.582857
-------------------------- KRW-BCH
KRW-BCH 45100668257.3459
-------------------------- KRW-BAT
KRW-BAT 9772857310.569082
-------------------------- KRW-IOST
KRW-IOST 5270441838.507334
-------------------------- KRW-CVC
KRW-CVC 3901089788.846596
-------------------------- KRW-IQ
KRW-IQ 7872450514.895228
-------------------------- KRW-IOTA
KRW-IOTA 99567768405.8732
-------------------------- KRW-HIFI
KRW-HIFI 13227873284.498354
-------------------------- KRW-ONG
KRW-ONG 7658408191.302965
-------------------------- KRW-GAS
KRW-GAS 201282417364.69693
-------------------------- KRW-UPP
KRW-UPP 3356724941.4497194
-------------------------- KRW-ELF
KRW-ELF 17681200865.73278
-------------------------- KRW-KNC
KRW-KNC 11903354510.574806
-------------------------- KRW-BSV
KRW-BSV 150413811028.02264
-------------------------- KRW-THETA
KRW-THETA 15107230964.001665
-------------------------- KRW-QKC
KRW-QKC 4150870863.619525
-------------------------- KRW-BTT
KRW-BTT 22493712601.74291
-------------------------- KRW-MOC
KRW-MOC 4025423273.359091
-------------------------- KRW-TFUEL
KRW-TFUEL 9863481875.224089
-------------------------- KRW-MANA
KRW-MANA 18134917157.04626
-------------------------- KRW-ANKR
KRW-ANKR 13371622834.90047
-------------------------- KRW-AERGO
KRW-AERGO 5160388408.843011
-------------------------- KRW-ATOM
KRW-ATOM 20650024757.32664
-------------------------- KRW-TT
KRW-TT 5078873868.908685
-------------------------- KRW-CRE
KRW-CRE 20245655939.297783
-------------------------- KRW-MBL
KRW-MBL 8213062446.203165
-------------------------- KRW-WAXP
KRW-WAXP 11740183377.435318
-------------------------- KRW-HBAR
KRW-HBAR 24686516859.174835
-------------------------- KRW-MED
KRW-MED 7363913374.522112
-------------------------- KRW-MLK
KRW-MLK 19321092819.79253
-------------------------- KRW-STPT
KRW-STPT 16211623259.374039
-------------------------- KRW-ORBS
KRW-ORBS 12455625476.184668
-------------------------- KRW-VET
KRW-VET 18813420038.854992
-------------------------- KRW-CHZ
KRW-CHZ 90827340484.7384
-------------------------- KRW-STMX
KRW-STMX 13478182363.79452
-------------------------- KRW-DKA
KRW-DKA 7984919550.779416
-------------------------- KRW-HIVE
KRW-HIVE 5965514195.688594
-------------------------- KRW-KAVA
KRW-KAVA 25468672271.792923
-------------------------- KRW-AHT
KRW-AHT 107522949668.8003
-------------------------- KRW-LINK
KRW-LINK 415679310750.1725
-------------------------- KRW-XTZ
KRW-XTZ 31708719379.606884
-------------------------- KRW-BORA
KRW-BORA 123406687055.43646
-------------------------- KRW-JST
KRW-JST 4232333663.9835157
-------------------------- KRW-CRO
KRW-CRO 3597030220.6512494
-------------------------- KRW-TON
KRW-TON 31404103232.353012
-------------------------- KRW-SXP
KRW-SXP 19671065578.117424
-------------------------- KRW-HUNT
KRW-HUNT 4990554313.284578
-------------------------- KRW-PLA
KRW-PLA 12121684123.783037
-------------------------- KRW-DOT
KRW-DOT 48334622600.13164
-------------------------- KRW-MVL
KRW-MVL 7750187470.887907
-------------------------- KRW-STRAX
KRW-STRAX 53890639046.61092
-------------------------- KRW-AQT
KRW-AQT 7003667128.3027525
-------------------------- KRW-GLM
KRW-GLM 4651847366.815524
-------------------------- KRW-SSX
KRW-SSX 239637701147.24048
-------------------------- KRW-META
KRW-META 12233121576.33524
-------------------------- KRW-FCT2
KRW-FCT2 3928514132.6873665
-------------------------- KRW-CBK
KRW-CBK 3836906010.8533015
-------------------------- KRW-SAND
KRW-SAND 58220631607.55216
-------------------------- KRW-HPO
KRW-HPO 3695595366.5759897
-------------------------- KRW-DOGE
KRW-DOGE 134193367834.23013
-------------------------- KRW-STRK
KRW-STRK 8696092249.102182
-------------------------- KRW-PUNDIX
KRW-PUNDIX 5377290533.148662
-------------------------- KRW-FLOW
KRW-FLOW 46306575342.64399
-------------------------- KRW-AXS
KRW-AXS 63923934209.19549
-------------------------- KRW-STX
KRW-STX 159716825565.93988
-------------------------- KRW-XEC
KRW-XEC 18092860816.188602
-------------------------- KRW-SOL
KRW-SOL 719902153908.1971
-------------------------- KRW-MATIC
KRW-MATIC 83813482866.07877
-------------------------- KRW-AAVE
KRW-AAVE 53216319856.27089
-------------------------- KRW-1INCH
KRW-1INCH 58808787796.01565
-------------------------- KRW-ALGO
KRW-ALGO 45312246981.22981
-------------------------- KRW-NEAR
KRW-NEAR 76356429313.14917
-------------------------- KRW-AVAX
KRW-AVAX 194554603624.6963
-------------------------- KRW-T
KRW-T 42867253904.78074
-------------------------- KRW-CELO
KRW-CELO 45057274866.89904
-------------------------- KRW-GMT
KRW-GMT 43230154123.4771
-------------------------- KRW-APT
KRW-APT 108477357175.79349
-------------------------- KRW-SHIB
KRW-SHIB 31825882714.488224
-------------------------- KRW-MASK
KRW-MASK 41413513196.57039
-------------------------- KRW-ARB
KRW-ARB 188019521315.37344
-------------------------- KRW-EGLD
KRW-EGLD 72872007780.61267
-------------------------- KRW-SUI
KRW-SUI 993160962081.3823
-------------------------- KRW-GRT
KRW-GRT 24169899064.723576
-------------------------- KRW-BLUR
KRW-BLUR 273535965216.94135
-------------------------- KRW-IMX
KRW-IMX 93598590006.38565
-------------------------- KRW-SEI
KRW-SEI 738198658046.7665
-------------------------- KRW-MINA
KRW-MINA 356584659506.6272
-------------------------- KRW-CTC
KRW-CTC 69223980281.8175
-------------------------- KRW-ASTR
KRW-ASTR 364887746339.64264
--------------GetTopCoinList End-------------------
Coin Ticker:  KRW-BTC
Coin Ticker:  KRW-ETH
!!!!! Target Coin!!! : KRW-ETH
------------------------------------
Coin ticker : KRW-ETH
- Recently RSI : 48.750926297177  ->  55.372445357947996
ma20 : 3161050.0
ma5 : 3171200.0  <-  3167400.0  <-  3163600.0
-rsi1_min: 59.969728083997815
Coin Ticker:  KRW-NEO
!!!!! Target Coin!!! : KRW-NEO
------------------------------------
Coin ticker : KRW-NEO
- Recently RSI : 37.10964764727201  ->  49.79196757122861
ma20 : 14948.0
ma5 : 15022.0  <-  14994.0  <-  14962.0
-rsi1_min: 47.53804994040415
Coin Ticker:  KRW-MTL
Coin Ticker:  KRW-XRP
!!!!! Target Coin!!! : KRW-XRP
# Remain Won : 694274.59832588
------------------------------------
Coin ticker : KRW-XRP
- Recently RSI : 39.179769994712665  ->  37.339733850990775
- Now Revenue :  -0.6862044317369485
Coin Ticker:  KRW-ETC
!!!!! Target Coin!!! : KRW-ETC
------------------------------------
Coin ticker : KRW-ETC
- Recently RSI : 41.16051928934753  ->  46.61879465083896
ma20 : 34027.5
ma5 : 34168.0  <-  34108.0  <-  34036.0
-rsi1_min: 50.965097545007104
Coin Ticker:  KRW-SNT
Coin Ticker:  KRW-WAVES
Coin Ticker:  KRW-XEM
Coin Ticker:  KRW-QTUM
Coin Ticker:  KRW-LSK
!!!!! Target Coin!!! : KRW-LSK
------------------------------------
Coin ticker : KRW-LSK
- Recently RSI : 43.348013106287326  ->  50.93332830589714
ma20 : 1855.45
ma5 : 1869.2  <-  1866.4  <-  1861.0
-rsi1_min: 39.00192298938162
Coin Ticker:  KRW-STEEM
Coin Ticker:  KRW-XLM
Coin Ticker:  KRW-ARDR
Coin Ticker:  KRW-ARK
!!!!! Target Coin!!! : KRW-ARK
------------------------------------
Coin ticker : KRW-ARK
- Recently RSI : 36.804534282111746  ->  41.46561930483123
ma20 : 1114.25
ma5 : 1119.0  <-  1117.6  <-  1116.0
-rsi1_min: 49.00565762650298
Coin Ticker:  KRW-STORJ
!!!!! Target Coin!!! : KRW-STORJ
------------------------------------
Coin ticker : KRW-STORJ
- Recently RSI : 42.86485747620654  ->  46.860314843712395
ma20 : 859.9799999999999
ma5 : 861.2  <-  860.22  <-  858.86
-rsi1_min: 45.3956966546056
Coin Ticker:  KRW-GRS
Coin Ticker:  KRW-ADA
!!!!! Target Coin!!! : KRW-ADA
------------------------------------
Coin ticker : KRW-ADA
- Recently RSI : 39.8691551118888  ->  48.065312634170056
ma20 : 684.885
ma5 : 687.0600000000001  <-  685.74  <-  684.86
-rsi1_min: 50.272454240559014
Coin Ticker:  KRW-SBD
Coin Ticker:  KRW-POWR
Coin Ticker:  KRW-BTG
Coin Ticker:  KRW-ICX
Coin Ticker:  KRW-EOS
Coin Ticker:  KRW-TRX
Coin Ticker:  KRW-SC
!!!!! Target Coin!!! : KRW-SC
------------------------------------
Coin ticker : KRW-SC
- Recently RSI : 46.78743840883757  ->  47.60081986708061
ma20 : 12.0025
ma5 : 11.998  <-  12.0  <-  12.0
-rsi1_min: 45.04098800103098
Coin Ticker:  KRW-ONT
Coin Ticker:  KRW-ZIL
Coin Ticker:  KRW-POLYX
Coin Ticker:  KRW-ZRX
Coin Ticker:  KRW-LOOM
Coin Ticker:  KRW-BCH
Coin Ticker:  KRW-BAT
Coin Ticker:  KRW-IOST
Coin Ticker:  KRW-CVC
Coin Ticker:  KRW-IQ
Coin Ticker:  KRW-IOTA
!!!!! Target Coin!!! : KRW-IOTA
------------------------------------
Coin ticker : KRW-IOTA
- Recently RSI : 46.87087497919541  ->  48.11872523807143
ma20 : 333.835
ma5 : 333.74  <-  333.41999999999996  <-  332.86
-rsi1_min: 46.01567519311764
Coin Ticker:  KRW-HIFI
Coin Ticker:  KRW-ONG
Coin Ticker:  KRW-GAS
!!!!! Target Coin!!! : KRW-GAS
------------------------------------
Coin ticker : KRW-GAS
- Recently RSI : 44.46942250457925  ->  49.12440174996497
ma20 : 7684.95
ma5 : 7719.4  <-  7715.2  <-  7708.4
-rsi1_min: 42.0127658759381
Coin Ticker:  KRW-UPP
Coin Ticker:  KRW-ELF
Coin Ticker:  KRW-KNC
Coin Ticker:  KRW-BSV
!!!!! Target Coin!!! : KRW-BSV
------------------------------------
Coin ticker : KRW-BSV
- Recently RSI : 40.91085628597036  ->  52.74912928607615
ma20 : 97579.5
ma5 : 98326.0  <-  98160.0  <-  97912.0
-rsi1_min: 46.3377033993558
Coin Ticker:  KRW-THETA
Coin Ticker:  KRW-QKC
Coin Ticker:  KRW-BTT
Coin Ticker:  KRW-MOC
Coin Ticker:  KRW-TFUEL
Coin Ticker:  KRW-MANA
Coin Ticker:  KRW-ANKR
Coin Ticker:  KRW-AERGO
Coin Ticker:  KRW-ATOM
Coin Ticker:  KRW-TT
Coin Ticker:  KRW-CRE
Coin Ticker:  KRW-MBL
Coin Ticker:  KRW-WAXP
Coin Ticker:  KRW-HBAR
Coin Ticker:  KRW-MED
Coin Ticker:  KRW-MLK
Coin Ticker:  KRW-STPT
Coin Ticker:  KRW-ORBS
Coin Ticker:  KRW-VET
Coin Ticker:  KRW-CHZ
!!!!! Target Coin!!! : KRW-CHZ
------------------------------------
Coin ticker : KRW-CHZ
- Recently RSI : 38.076642545403686  ->  39.458917334808014
ma20 : 136.595
ma5 : 137.16  <-  137.0  <-  136.96
-rsi1_min: 55.820111078487564
Coin Ticker:  KRW-STMX
Coin Ticker:  KRW-DKA
Coin Ticker:  KRW-HIVE
Coin Ticker:  KRW-KAVA
Coin Ticker:  KRW-AHT
!!!!! Target Coin!!! : KRW-AHT
------------------------------------
Coin ticker : KRW-AHT
- Recently RSI : 68.75159493004635  ->  66.9003747993865
ma20 : 10.937999999999999
ma5 : 10.959999999999999  <-  10.958  <-  10.968
-rsi1_min: 51.86236835102392
Coin Ticker:  KRW-LINK
!!!!! Target Coin!!! : KRW-LINK
------------------------------------
Coin ticker : KRW-LINK
- Recently RSI : 62.293160707070946  ->  62.95355618754987
ma20 : 25592.0
ma5 : 25702.0  <-  25712.0  <-  25700.0
-rsi1_min: 37.69076662659555
Coin Ticker:  KRW-XTZ
Coin Ticker:  KRW-BORA
!!!!! Target Coin!!! : KRW-BORA
------------------------------------
Coin ticker : KRW-BORA
- Recently RSI : 54.02300465100113  ->  53.29085824215357
ma20 : 191.965
ma5 : 191.83999999999997  <-  191.78  <-  191.82
-rsi1_min: 57.20940076698096
Coin Ticker:  KRW-JST
Coin Ticker:  KRW-CRO
Coin Ticker:  KRW-TON
Coin Ticker:  KRW-SXP
Coin Ticker:  KRW-HUNT
Coin Ticker:  KRW-PLA
Coin Ticker:  KRW-DOT
Coin Ticker:  KRW-MVL
Coin Ticker:  KRW-STRAX
Coin Ticker:  KRW-AQT
Coin Ticker:  KRW-GLM
Coin Ticker:  KRW-SSX
!!!!! Target Coin!!! : KRW-SSX
------------------------------------
Coin ticker : KRW-SSX
- Recently RSI : 54.04412540132892  ->  55.742669945617195
ma20 : 19.067999999999998
ma5 : 19.31  <-  19.29  <-  19.222
-rsi1_min: 50.86932794032786
Coin Ticker:  KRW-META
Coin Ticker:  KRW-FCT2
Coin Ticker:  KRW-CBK
Coin Ticker:  KRW-SAND
Coin Ticker:  KRW-HPO
Coin Ticker:  KRW-DOGE
!!!!! Target Coin!!! : KRW-DOGE
------------------------------------
Coin ticker : KRW-DOGE
- Recently RSI : 43.7106634512597  ->  49.28020525659578
ma20 : 107.755
ma5 : 108.12  <-  108.04  <-  107.88
-rsi1_min: 53.22605502516665
Coin Ticker:  KRW-STRK
Coin Ticker:  KRW-PUNDIX
Coin Ticker:  KRW-FLOW
Coin Ticker:  KRW-AXS
Coin Ticker:  KRW-STX
!!!!! Target Coin!!! : KRW-STX
------------------------------------
Coin ticker : KRW-STX
- Recently RSI : 44.07893701745356  ->  52.478045890616286
ma20 : 2033.6
ma5 : 2047.0  <-  2043.6  <-  2039.8
-rsi1_min: 51.27205292500605
Coin Ticker:  KRW-XEC
Coin Ticker:  KRW-SOL
!!!!! Target Coin!!! : KRW-SOL
------------------------------------
Coin ticker : KRW-SOL
- Recently RSI : 43.67699514445623  ->  56.34335652601505
ma20 : 132732.5
ma5 : 133590.0  <-  133410.0  <-  133080.0
-rsi1_min: 42.763943764920874
Coin Ticker:  KRW-MATIC
Coin Ticker:  KRW-AAVE
Coin Ticker:  KRW-1INCH
Coin Ticker:  KRW-ALGO
Coin Ticker:  KRW-NEAR
Coin Ticker:  KRW-AVAX
!!!!! Target Coin!!! : KRW-AVAX
------------------------------------
Coin ticker : KRW-AVAX
- Recently RSI : 44.45654052950353  ->  51.97197998461593
ma20 : 48246.0
ma5 : 48692.0  <-  48620.0  <-  48496.0
-rsi1_min: 43.72170749831212
Coin Ticker:  KRW-T
!!!!! Target Coin!!! : KRW-T
# Remain Won : 694274.59832588
------------------------------------
Coin ticker : KRW-T
- Recently RSI : 41.70114327584755  ->  44.72626575861512
- Now Revenue :  -0.9067316474418845
Coin Ticker:  KRW-CELO
Coin Ticker:  KRW-GMT
!!!!! Target Coin!!! : KRW-GMT
# Remain Won : 694274.59832588
------------------------------------
Coin ticker : KRW-GMT
- Recently RSI : 38.94799808983832  ->  46.74944584526935
- Now Revenue :  -15.089991455475959
Coin Ticker:  KRW-APT
!!!!! Target Coin!!! : KRW-APT
# Remain Won : 694274.59832588
------------------------------------
Coin ticker : KRW-APT
- Recently RSI : 42.3039336724609  ->  42.30393367246089
- Now Revenue :  -33.30277292720141
Coin Ticker:  KRW-SHIB
Coin Ticker:  KRW-MASK
Coin Ticker:  KRW-ARB
!!!!! Target Coin!!! : KRW-ARB
------------------------------------
Coin ticker : KRW-ARB
- Recently RSI : 44.68394612079044  ->  48.30690999275714
ma20 : 2397.1
ma5 : 2403.6  <-  2399.6  <-  2397.0
-rsi1_min: 67.9924927552824
Coin Ticker:  KRW-EGLD
Coin Ticker:  KRW-SUI
!!!!! Target Coin!!! : KRW-SUI
------------------------------------
Coin ticker : KRW-SUI
- Recently RSI : 59.07696833353734  ->  59.672417844736145
ma20 : 2062.5
ma5 : 2081.8  <-  2080.2  <-  2079.2
-rsi1_min: 45.466755645378726
Coin Ticker:  KRW-GRT
Coin Ticker:  KRW-BLUR
!!!!! Target Coin!!! : KRW-BLUR
------------------------------------
Coin ticker : KRW-BLUR
- Recently RSI : 54.22120567014591  ->  52.20345385040378
ma20 : 801.045
ma5 : 801.8399999999999  <-  801.6  <-  801.48
-rsi1_min: 57.69986024365288
Coin Ticker:  KRW-IMX
!!!!! Target Coin!!! : KRW-IMX
------------------------------------
Coin ticker : KRW-IMX
- Recently RSI : 54.16189189873983  ->  51.68706574105867
ma20 : 2949.4
ma5 : 2964.4  <-  2966.8  <-  2964.0
-rsi1_min: 53.12429250525
Coin Ticker:  KRW-SEI
!!!!! Target Coin!!! : KRW-SEI
------------------------------------
Coin ticker : KRW-SEI
- Recently RSI : 43.78198266465555  ->  45.90626099710117
ma20 : 828.1600000000001
ma5 : 831.6200000000001  <-  829.8199999999999  <-  828.9
-rsi1_min: 71.54464412785522
Coin Ticker:  KRW-MINA
!!!!! Target Coin!!! : KRW-MINA
------------------------------------
Coin ticker : KRW-MINA
- Recently RSI : 43.76431209534264  ->  47.781050121621476
ma20 : 1618.0
ma5 : 1624.8  <-  1623.2  <-  1621.4
-rsi1_min: 43.05000030491968
Coin Ticker:  KRW-CTC
Coin Ticker:  KRW-ASTR
!!!!! Target Coin!!! : KRW-ASTR
------------------------------------
Coin ticker : KRW-ASTR
- Recently RSI : 38.44283449821449  ->  47.71815078618101
ma20 : 245.27999999999997
ma5 : 246.44  <-  245.8  <-  245.16
-rsi1_min: 52.82904311862326
